-------------------------------------------------------------------------------
Test set: com.example.sample_java_assignment_app.SpringbootSampleAppApplicationTests
-------------------------------------------------------------------------------
Tests run: 2, Failures: 2, Errors: 0, Skipped: 0, Time elapsed: 0.156 s <<< FAILURE! -- in com.example.sample_java_assignment_app.SpringbootSampleAppApplicationTests
com.example.sample_java_assignment_app.SpringbootSampleAppApplicationTests.register_checker -- Time elapsed: 0.078 s <<< FAILURE!
org.opentest4j.AssertionFailedError: expected: <Please share your credentials for register> but was: <Please follow registration process...>
	at org.junit.jupiter.api.AssertionFailureBuilder.build(AssertionFailureBuilder.java:158)
	at org.junit.jupiter.api.AssertionFailureBuilder.buildAndThrow(AssertionFailureBuilder.java:139)
	at org.junit.jupiter.api.AssertEquals.failNotEqual(AssertEquals.java:201)
	at org.junit.jupiter.api.AssertEquals.assertEquals(AssertEquals.java:184)
	at org.junit.jupiter.api.AssertEquals.assertEquals(AssertEquals.java:179)
	at org.junit.jupiter.api.Assertions.assertEquals(Assertions.java:1188)
	at com.example.sample_java_assignment_app.SpringbootSampleAppApplicationTests.register_checker(SpringbootSampleAppApplicationTests.java:20)

com.example.sample_java_assignment_app.SpringbootSampleAppApplicationTests.login_checker -- Time elapsed: 0.015 s <<< FAILURE!
org.opentest4j.AssertionFailedError: expected: <Please share your credentials for login...> but was: <Please input your credentials for login...>
	at org.junit.jupiter.api.AssertionFailureBuilder.build(AssertionFailureBuilder.java:158)
	at org.junit.jupiter.api.AssertionFailureBuilder.buildAndThrow(AssertionFailureBuilder.java:139)
	at org.junit.jupiter.api.AssertEquals.failNotEqual(AssertEquals.java:201)
	at org.junit.jupiter.api.AssertEquals.assertEquals(AssertEquals.java:184)
	at org.junit.jupiter.api.AssertEquals.assertEquals(AssertEquals.java:179)
	at org.junit.jupiter.api.Assertions.assertEquals(Assertions.java:1188)
	at com.example.sample_java_assignment_app.SpringbootSampleAppApplicationTests.login_checker(SpringbootSampleAppApplicationTests.java:14)

